  [1m[35m (38.1ms)[0m  [1m[35mCREATE TABLE "schema_migrations" ("version" varchar NOT NULL PRIMARY KEY)[0m
  [1m[35m (11.6ms)[0m  [1m[35mCREATE TABLE "ar_internal_metadata" ("key" varchar NOT NULL PRIMARY KEY, "value" varchar, "created_at" datetime(6) NOT NULL, "updated_at" datetime(6) NOT NULL)[0m
  [1m[36mActiveRecord::SchemaMigration Pluck (0.1ms)[0m  [1m[34mSELECT "schema_migrations"."version" FROM "schema_migrations" ORDER BY "schema_migrations"."version" ASC[0m
Migrating to CreateUsers (20230705082410)
  [1m[36mTRANSACTION (0.0ms)[0m  [1m[36mbegin transaction[0m
  [1m[35m (0.2ms)[0m  [1m[35mCREATE TABLE "users" ("id" integer PRIMARY KEY AUTOINCREMENT NOT NULL, "username" varchar, "created_at" datetime(6) NOT NULL, "updated_at" datetime(6) NOT NULL)[0m
  [1m[36mActiveRecord::SchemaMigration Create (0.1ms)[0m  [1m[32mINSERT INTO "schema_migrations" ("version") VALUES (?)[0m  [["version", "20230705082410"]]
  [1m[36mTRANSACTION (11.6ms)[0m  [1m[36mcommit transaction[0m
Migrating to CreateExercises (20230705082526)
  [1m[36mTRANSACTION (0.0ms)[0m  [1m[36mbegin transaction[0m
  [1m[35m (0.2ms)[0m  [1m[35mCREATE TABLE "exercises" ("id" integer PRIMARY KEY AUTOINCREMENT NOT NULL, "exercise_name" varchar, "description" text, "muscle_group" varchar, "image" varchar, "created_at" datetime(6) NOT NULL, "updated_at" datetime(6) NOT NULL)[0m
  [1m[36mActiveRecord::SchemaMigration Create (0.1ms)[0m  [1m[32mINSERT INTO "schema_migrations" ("version") VALUES (?)[0m  [["version", "20230705082526"]]
  [1m[36mTRANSACTION (11.1ms)[0m  [1m[36mcommit transaction[0m
Migrating to CreateWorkouts (20230705082543)
  [1m[36mTRANSACTION (0.1ms)[0m  [1m[36mbegin transaction[0m
  [1m[35m (0.2ms)[0m  [1m[35mCREATE TABLE "workouts" ("id" integer PRIMARY KEY AUTOINCREMENT NOT NULL, "workout_name" varchar, "user_id" integer NOT NULL, "created_at" datetime(6) NOT NULL, "updated_at" datetime(6) NOT NULL, CONSTRAINT "fk_rails_40b8fd8af6"
FOREIGN KEY ("user_id")
  REFERENCES "users" ("id")
)[0m
  [1m[35m (0.1ms)[0m  [1m[35mCREATE INDEX "index_workouts_on_user_id" ON "workouts" ("user_id")[0m
  [1m[36mActiveRecord::SchemaMigration Create (0.1ms)[0m  [1m[32mINSERT INTO "schema_migrations" ("version") VALUES (?)[0m  [["version", "20230705082543"]]
  [1m[36mTRANSACTION (11.0ms)[0m  [1m[36mcommit transaction[0m
Migrating to CreateUserExercises (20230705082622)
  [1m[36mTRANSACTION (0.0ms)[0m  [1m[36mbegin transaction[0m
  [1m[35m (0.3ms)[0m  [1m[35mCREATE TABLE "user_exercises" ("id" integer PRIMARY KEY AUTOINCREMENT NOT NULL, "sets" integer, "reps" integer, "duration" integer, "user_id" integer NOT NULL, "exercise_id" integer NOT NULL, "workout_id" integer NOT NULL, "created_at" datetime(6) NOT NULL, "updated_at" datetime(6) NOT NULL, CONSTRAINT "fk_rails_65e170d051"
FOREIGN KEY ("user_id")
  REFERENCES "users" ("id")
, CONSTRAINT "fk_rails_47d60a969f"
FOREIGN KEY ("exercise_id")
  REFERENCES "exercises" ("id")
, CONSTRAINT "fk_rails_065e87290a"
FOREIGN KEY ("workout_id")
  REFERENCES "workouts" ("id")
)[0m
  [1m[35m (0.1ms)[0m  [1m[35mCREATE INDEX "index_user_exercises_on_user_id" ON "user_exercises" ("user_id")[0m
  [1m[35m (0.1ms)[0m  [1m[35mCREATE INDEX "index_user_exercises_on_exercise_id" ON "user_exercises" ("exercise_id")[0m
  [1m[35m (0.1ms)[0m  [1m[35mCREATE INDEX "index_user_exercises_on_workout_id" ON "user_exercises" ("workout_id")[0m
  [1m[36mActiveRecord::SchemaMigration Create (0.1ms)[0m  [1m[32mINSERT INTO "schema_migrations" ("version") VALUES (?)[0m  [["version", "20230705082622"]]
  [1m[36mTRANSACTION (11.2ms)[0m  [1m[36mcommit transaction[0m
  [1m[36mActiveRecord::InternalMetadata Load (0.1ms)[0m  [1m[34mSELECT "ar_internal_metadata".* FROM "ar_internal_metadata" WHERE "ar_internal_metadata"."key" = ? LIMIT ?[0m  [["key", "environment"], ["LIMIT", 1]]
  [1m[36mTRANSACTION (0.0ms)[0m  [1m[36mbegin transaction[0m
  [1m[36mActiveRecord::InternalMetadata Create (0.4ms)[0m  [1m[32mINSERT INTO "ar_internal_metadata" ("key", "value", "created_at", "updated_at") VALUES (?, ?, ?, ?)[0m  [["key", "environment"], ["value", "development"], ["created_at", "2023-07-05 08:28:27.235660"], ["updated_at", "2023-07-05 08:28:27.235660"]]
  [1m[36mTRANSACTION (8.9ms)[0m  [1m[36mcommit transaction[0m
  [1m[36mActiveRecord::SchemaMigration Pluck (0.1ms)[0m  [1m[34mSELECT "schema_migrations"."version" FROM "schema_migrations" ORDER BY "schema_migrations"."version" ASC[0m
  [1m[36mActiveRecord::SchemaMigration Pluck (0.1ms)[0m  [1m[34mSELECT "schema_migrations"."version" FROM "schema_migrations" ORDER BY "schema_migrations"."version" ASC[0m
Migrating to AddEmailAndPasswordToUsers (20230705085929)
  [1m[36mTRANSACTION (0.0ms)[0m  [1m[36mbegin transaction[0m
  [1m[35m (0.2ms)[0m  [1m[35mALTER TABLE "users" ADD "email" varchar[0m
  [1m[35m (0.1ms)[0m  [1m[35mALTER TABLE "users" ADD "password_digest" varchar[0m
  [1m[36mActiveRecord::SchemaMigration Create (0.1ms)[0m  [1m[32mINSERT INTO "schema_migrations" ("version") VALUES (?)[0m  [["version", "20230705085929"]]
  [1m[36mTRANSACTION (34.7ms)[0m  [1m[36mcommit transaction[0m
  [1m[36mActiveRecord::InternalMetadata Load (0.2ms)[0m  [1m[34mSELECT "ar_internal_metadata".* FROM "ar_internal_metadata" WHERE "ar_internal_metadata"."key" = ? LIMIT ?[0m  [["key", "environment"], ["LIMIT", 1]]
  [1m[36mActiveRecord::SchemaMigration Pluck (0.1ms)[0m  [1m[34mSELECT "schema_migrations"."version" FROM "schema_migrations" ORDER BY "schema_migrations"."version" ASC[0m
Started GET "/" for 127.0.0.1 at 2023-07-06 09:58:32 +0300
  [1m[36mActiveRecord::SchemaMigration Pluck (0.1ms)[0m  [1m[34mSELECT "schema_migrations"."version" FROM "schema_migrations" ORDER BY "schema_migrations"."version" ASC[0m
Processing by Rails::WelcomeController#index as HTML
  Rendering /home/khalid/.rvm/gems/ruby-2.7.4/gems/railties-7.0.6/lib/rails/templates/rails/welcome/index.html.erb
  Rendered /home/khalid/.rvm/gems/ruby-2.7.4/gems/railties-7.0.6/lib/rails/templates/rails/welcome/index.html.erb (Duration: 2.2ms | Allocations: 766)
Completed 200 OK in 35ms (Views: 10.9ms | ActiveRecord: 0.0ms | Allocations: 8907)


Started GET "/exercises" for 127.0.0.1 at 2023-07-06 09:58:40 +0300
  
ActionController::RoutingError (No route matches [GET] "/exercises"):
  
Started GET "/exercises" for 127.0.0.1 at 2023-07-06 10:00:55 +0300
Processing by ExercisesController#index as HTML
Completed 204 No Content in 0ms (Allocations: 59)


Started GET "/exercises" for 127.0.0.1 at 2023-07-06 10:00:55 +0300
Processing by ExercisesController#index as HTML
Completed 204 No Content in 0ms (Allocations: 31)


Started GET "/exercises" for 127.0.0.1 at 2023-07-06 10:03:09 +0300
Processing by ExercisesController#index as HTML
Completed 204 No Content in 0ms (Allocations: 41)


Started GET "/exercises" for 127.0.0.1 at 2023-07-06 10:03:10 +0300
Processing by ExercisesController#index as HTML
Completed 204 No Content in 0ms (Allocations: 28)


Started GET "/exercises" for 127.0.0.1 at 2023-07-06 10:03:10 +0300
Processing by ExercisesController#index as HTML
Completed 204 No Content in 0ms (Allocations: 30)


Started GET "/exercises" for 127.0.0.1 at 2023-07-06 10:03:11 +0300
Processing by ExercisesController#index as HTML
Completed 204 No Content in 0ms (Allocations: 28)


Started GET "/exercises" for 127.0.0.1 at 2023-07-06 10:03:28 +0300
Processing by ExercisesController#index as HTML
Completed 204 No Content in 0ms (Allocations: 39)


Started GET "/exercises" for 127.0.0.1 at 2023-07-06 10:03:28 +0300
Processing by ExercisesController#index as HTML
Completed 204 No Content in 0ms (Allocations: 28)


Started GET "/exercises" for 127.0.0.1 at 2023-07-06 10:03:29 +0300
Processing by ExercisesController#index as HTML
Completed 204 No Content in 0ms (Allocations: 28)


Started GET "/exercises" for 127.0.0.1 at 2023-07-06 10:03:29 +0300
Processing by ExercisesController#index as HTML
Completed 204 No Content in 1ms (Allocations: 28)


Started GET "/exercises" for 127.0.0.1 at 2023-07-06 10:03:30 +0300
Processing by ExercisesController#index as HTML
Completed 204 No Content in 0ms (Allocations: 28)


Started GET "/exercises" for 127.0.0.1 at 2023-07-06 10:03:30 +0300
Processing by ExercisesController#index as HTML
Completed 204 No Content in 1ms (Allocations: 28)


Started GET "/exercises" for 127.0.0.1 at 2023-07-06 10:03:30 +0300
Processing by ExercisesController#index as HTML
Completed 204 No Content in 0ms (Allocations: 28)


Started GET "/exercises" for 127.0.0.1 at 2023-07-06 10:06:18 +0300
Processing by ExercisesController#index as HTML
  [1m[36mExercise Load (0.1ms)[0m  [1m[34mSELECT "exercises".* FROM "exercises"[0m
  ↳ app/controllers/exercises_controller.rb:4:in `index'
Completed 200 OK in 14ms (Views: 3.1ms | ActiveRecord: 0.7ms | Allocations: 4458)


Started GET "/exercises" for 127.0.0.1 at 2023-07-06 10:06:20 +0300
Processing by ExercisesController#index as HTML
  [1m[36mExercise Load (0.5ms)[0m  [1m[34mSELECT "exercises".* FROM "exercises"[0m
  ↳ app/controllers/exercises_controller.rb:4:in `index'
Completed 200 OK in 7ms (Views: 5.5ms | ActiveRecord: 0.5ms | Allocations: 612)


Started GET "/" for 127.0.0.1 at 2023-07-06 10:48:55 +0300
  [1m[36mActiveRecord::SchemaMigration Pluck (0.2ms)[0m  [1m[34mSELECT "schema_migrations"."version" FROM "schema_migrations" ORDER BY "schema_migrations"."version" ASC[0m
Processing by Rails::WelcomeController#index as HTML
  Rendering /home/khalid/.rvm/gems/ruby-2.7.4/gems/railties-7.0.6/lib/rails/templates/rails/welcome/index.html.erb
  Rendered /home/khalid/.rvm/gems/ruby-2.7.4/gems/railties-7.0.6/lib/rails/templates/rails/welcome/index.html.erb (Duration: 1.7ms | Allocations: 660)
Completed 200 OK in 19ms (Views: 4.8ms | ActiveRecord: 0.0ms | Allocations: 6465)


Started GET "/erercises" for 127.0.0.1 at 2023-07-06 10:49:52 +0300
  
ActionController::RoutingError (No route matches [GET] "/erercises"):
  
Started GET "/exercises" for 127.0.0.1 at 2023-07-06 10:50:01 +0300
  
SyntaxError (/home/khalid/Documents/dev/phase4.2/project/Phase-4-group-project-fitness-app-backend/app/controllers/exercises_controller.rb:31: syntax error, unexpected `end', expecting end-of-input):
  
app/controllers/exercises_controller.rb:31: syntax error, unexpected `end', expecting end-of-input
app/controllers/exercises_controller.rb:31: syntax error, unexpected `end', expecting end-of-input
Started GET "/exercises" for 127.0.0.1 at 2023-07-06 10:50:32 +0300
  
Zeitwerk::NameError (expected file /home/khalid/Documents/dev/phase4.2/project/Phase-4-group-project-fitness-app-backend/app/controllers/exercises_controller.rb to define constant ExercisesController, but didn't):
  
zeitwerk (2.6.8) lib/zeitwerk/loader/callbacks.rb:25:in `on_file_autoloaded'
zeitwerk (2.6.8) lib/zeitwerk/kernel.rb:31:in `require'
activesupport (7.0.6) lib/active_support/inflector/methods.rb:278:in `const_get'
activesupport (7.0.6) lib/active_support/inflector/methods.rb:278:in `constantize'
activesupport (7.0.6) lib/active_support/core_ext/string/inflections.rb:74:in `constantize'
actionpack (7.0.6) lib/action_dispatch/http/request.rb:90:in `controller_class_for'
actionpack (7.0.6) lib/action_dispatch/request/utils.rb:95:in `action_encoding_template'
actionpack (7.0.6) lib/action_dispatch/request/utils.rb:83:in `encode'
actionpack (7.0.6) lib/action_dispatch/request/utils.rb:45:in `set_binary_encoding'
actionpack (7.0.6) lib/action_dispatch/http/parameters.rb:68:in `path_parameters='
actionpack (7.0.6) lib/action_dispatch/journey/router.rb:48:in `block in serve'
actionpack (7.0.6) lib/action_dispatch/journey/router.rb:32:in `each'
actionpack (7.0.6) lib/action_dispatch/journey/router.rb:32:in `serve'
actionpack (7.0.6) lib/action_dispatch/routing/route_set.rb:852:in `call'
rack (2.2.7) lib/rack/etag.rb:27:in `call'
rack (2.2.7) lib/rack/conditional_get.rb:27:in `call'
rack (2.2.7) lib/rack/head.rb:12:in `call'
activerecord (7.0.6) lib/active_record/migration.rb:603:in `call'
actionpack (7.0.6) lib/action_dispatch/middleware/callbacks.rb:27:in `block in call'
activesupport (7.0.6) lib/active_support/callbacks.rb:99:in `run_callbacks'
actionpack (7.0.6) lib/action_dispatch/middleware/callbacks.rb:26:in `call'
actionpack (7.0.6) lib/action_dispatch/middleware/executor.rb:14:in `call'
actionpack (7.0.6) lib/action_dispatch/middleware/actionable_exceptions.rb:17:in `call'
actionpack (7.0.6) lib/action_dispatch/middleware/debug_exceptions.rb:28:in `call'
actionpack (7.0.6) lib/action_dispatch/middleware/show_exceptions.rb:29:in `call'
railties (7.0.6) lib/rails/rack/logger.rb:40:in `call_app'
railties (7.0.6) lib/rails/rack/logger.rb:25:in `block in call'
activesupport (7.0.6) lib/active_support/tagged_logging.rb:99:in `block in tagged'
activesupport (7.0.6) lib/active_support/tagged_logging.rb:37:in `tagged'
activesupport (7.0.6) lib/active_support/tagged_logging.rb:99:in `tagged'
railties (7.0.6) lib/rails/rack/logger.rb:25:in `call'
actionpack (7.0.6) lib/action_dispatch/middleware/remote_ip.rb:93:in `call'
actionpack (7.0.6) lib/action_dispatch/middleware/request_id.rb:26:in `call'
rack (2.2.7) lib/rack/runtime.rb:22:in `call'
activesupport (7.0.6) lib/active_support/cache/strategy/local_cache_middleware.rb:29:in `call'
actionpack (7.0.6) lib/action_dispatch/middleware/server_timing.rb:61:in `block in call'
actionpack (7.0.6) lib/action_dispatch/middleware/server_timing.rb:26:in `collect_events'
actionpack (7.0.6) lib/action_dispatch/middleware/server_timing.rb:60:in `call'
actionpack (7.0.6) lib/action_dispatch/middleware/executor.rb:14:in `call'
actionpack (7.0.6) lib/action_dispatch/middleware/static.rb:23:in `call'
rack (2.2.7) lib/rack/sendfile.rb:110:in `call'
actionpack (7.0.6) lib/action_dispatch/middleware/host_authorization.rb:137:in `call'
railties (7.0.6) lib/rails/engine.rb:530:in `call'
puma (5.6.6) lib/puma/configuration.rb:252:in `call'
puma (5.6.6) lib/puma/request.rb:77:in `block in handle_request'
puma (5.6.6) lib/puma/thread_pool.rb:340:in `with_force_shutdown'
puma (5.6.6) lib/puma/request.rb:76:in `handle_request'
puma (5.6.6) lib/puma/server.rb:443:in `process_client'
puma (5.6.6) lib/puma/thread_pool.rb:147:in `block in spawn_thread'
Started GET "/exercises" for 127.0.0.1 at 2023-07-06 10:50:35 +0300
  
ActionController::RoutingError (uninitialized constant ExercisesController
Did you mean?  ExerciseController):
  
Started GET "/exercises" for 127.0.0.1 at 2023-07-06 10:50:37 +0300
  
ActionController::RoutingError (uninitialized constant ExercisesController
Did you mean?  ExerciseController):
  
Started GET "/exercises" for 127.0.0.1 at 2023-07-06 10:50:44 +0300
  
SyntaxError (/home/khalid/Documents/dev/phase4.2/project/Phase-4-group-project-fitness-app-backend/app/controllers/exercises_controller.rb:31: syntax error, unexpected `end', expecting end-of-input):
  
app/controllers/exercises_controller.rb:31: syntax error, unexpected `end', expecting end-of-input
app/controllers/exercises_controller.rb:31: syntax error, unexpected `end', expecting end-of-input
Started GET "/exercises" for 127.0.0.1 at 2023-07-06 10:51:06 +0300
  
TypeError (superclass mismatch for class ExerciseController):
  
app/controllers/exercises_controller.rb:1:in `<main>'
Started GET "/exercises" for 127.0.0.1 at 2023-07-06 10:51:07 +0300
  
TypeError (superclass mismatch for class ExerciseController):
  
app/controllers/exercises_controller.rb:1:in `<main>'
Started GET "/exercises" for 127.0.0.1 at 2023-07-06 10:56:30 +0300
  
SyntaxError (/home/khalid/Documents/dev/phase4.2/project/Phase-4-group-project-fitness-app-backend/app/controllers/exercises_controller.rb:31: syntax error, unexpected `end', expecting end-of-input):
  
app/controllers/exercises_controller.rb:31: syntax error, unexpected `end', expecting end-of-input
app/controllers/exercises_controller.rb:31: syntax error, unexpected `end', expecting end-of-input
Started GET "/exercises" for 127.0.0.1 at 2023-07-06 10:56:31 +0300
  
SyntaxError (/home/khalid/Documents/dev/phase4.2/project/Phase-4-group-project-fitness-app-backend/app/controllers/exercises_controller.rb:31: syntax error, unexpected `end', expecting end-of-input):
  
app/controllers/exercises_controller.rb:31: syntax error, unexpected `end', expecting end-of-input
app/controllers/exercises_controller.rb:31: syntax error, unexpected `end', expecting end-of-input
Started GET "/exercises" for 127.0.0.1 at 2023-07-06 10:56:50 +0300
  
SyntaxError (/home/khalid/Documents/dev/phase4.2/project/Phase-4-group-project-fitness-app-backend/app/controllers/exercises_controller.rb:31: syntax error, unexpected `end', expecting end-of-input):
  
app/controllers/exercises_controller.rb:31: syntax error, unexpected `end', expecting end-of-input
app/controllers/exercises_controller.rb:31: syntax error, unexpected `end', expecting end-of-input
Started GET "/exercises" for 127.0.0.1 at 2023-07-06 10:57:07 +0300
  
TypeError (superclass mismatch for class ExerciseController):
  
app/controllers/exercises_controller.rb:1:in `<main>'
Started GET "/exercises" for 127.0.0.1 at 2023-07-06 10:57:35 +0300
Processing by ExercisesController#index as HTML
  [1m[36mExercise Load (0.2ms)[0m  [1m[34mSELECT "exercises".* FROM "exercises"[0m
  ↳ app/controllers/exercises_controller.rb:4:in `index'
Completed 200 OK in 19ms (Views: 4.1ms | ActiveRecord: 0.8ms | Allocations: 4331)


Started GET "/exercises/1" for 127.0.0.1 at 2023-07-06 10:57:41 +0300
Processing by ExercisesController#show as HTML
  Parameters: {"id"=>"1"}
  [1m[36mExercise Load (0.1ms)[0m  [1m[34mSELECT "exercises".* FROM "exercises" WHERE "exercises"."id" = ? LIMIT ?[0m  [["id", 1], ["LIMIT", 1]]
  ↳ app/controllers/exercises_controller.rb:8:in `show'
Completed 404 Not Found in 16ms (ActiveRecord: 1.1ms | Allocations: 2937)


  
ActiveRecord::RecordNotFound (Couldn't find Exercise with 'id'=1):
  
app/controllers/exercises_controller.rb:8:in `show'
Started GET "/exercises/1" for 127.0.0.1 at 2023-07-06 10:58:02 +0300
Processing by ExercisesController#show as HTML
  Parameters: {"id"=>"1"}
  [1m[36mExercise Load (0.1ms)[0m  [1m[34mSELECT "exercises".* FROM "exercises" WHERE "exercises"."id" = ? LIMIT ?[0m  [["id", 1], ["LIMIT", 1]]
  ↳ app/controllers/exercises_controller.rb:8:in `show'
Completed 500 Internal Server Error in 18ms (ActiveRecord: 1.4ms | Allocations: 5527)


  
NameError (undefined local variable or method `exercise' for #<ExercisesController:0x00000000024d60>
Did you mean?  exercises):
  
app/controllers/exercises_controller.rb:9:in `show'
Started GET "/exercises/1" for 127.0.0.1 at 2023-07-06 10:58:14 +0300
Processing by ExercisesController#show as HTML
  Parameters: {"id"=>"1"}
  [1m[36mExercise Load (0.2ms)[0m  [1m[34mSELECT "exercises".* FROM "exercises" WHERE "exercises"."id" = ? LIMIT ?[0m  [["id", 1], ["LIMIT", 1]]
  ↳ app/controllers/exercises_controller.rb:8:in `show'
Completed 500 Internal Server Error in 23ms (ActiveRecord: 1.0ms | Allocations: 5557)


  
NameError (undefined local variable or method `exercise' for #<ExercisesController:0x000000000286b8>
Did you mean?  exercises):
  
app/controllers/exercises_controller.rb:12:in `show'
Started GET "/exercises/1" for 127.0.0.1 at 2023-07-06 10:59:17 +0300
Processing by ExercisesController#show as HTML
  Parameters: {"id"=>"1"}
  [1m[36mExercise Load (1.2ms)[0m  [1m[34mSELECT "exercises".* FROM "exercises" WHERE "exercises"."id" = ? LIMIT ?[0m  [["id", 1], ["LIMIT", 1]]
  ↳ app/controllers/exercises_controller.rb:8:in `show'
Completed 500 Internal Server Error in 19ms (ActiveRecord: 2.7ms | Allocations: 4101)


  
NoMethodError (undefined method `errors' for nil:NilClass):
  
app/controllers/exercises_controller.rb:12:in `show'
Started GET "/exercises/1" for 127.0.0.1 at 2023-07-06 11:00:49 +0300
Processing by ExercisesController#show as HTML
  Parameters: {"id"=>"1"}
  [1m[36mExercise Load (0.1ms)[0m  [1m[34mSELECT "exercises".* FROM "exercises" WHERE "exercises"."id" = ? LIMIT ?[0m  [["id", 1], ["LIMIT", 1]]
  ↳ app/controllers/exercises_controller.rb:8:in `show'
Completed 404 Not Found in 9ms (Views: 0.4ms | ActiveRecord: 0.8ms | Allocations: 3595)


Started GET "/exercises/1" for 127.0.0.1 at 2023-07-06 11:01:23 +0300
Processing by ExercisesController#show as HTML
  Parameters: {"id"=>"1"}
  [1m[36mExercise Load (0.3ms)[0m  [1m[34mSELECT "exercises".* FROM "exercises" WHERE "exercises"."id" = ? LIMIT ?[0m  [["id", 1], ["LIMIT", 1]]
  ↳ app/controllers/exercises_controller.rb:8:in `show'
Completed 404 Not Found in 13ms (ActiveRecord: 2.3ms | Allocations: 3764)


  
ActiveRecord::RecordNotFound (Couldn't find Exercise with 'id'=1):
  
app/controllers/exercises_controller.rb:8:in `show'
Started GET "/exercises/1" for 127.0.0.1 at 2023-07-06 11:01:25 +0300
Processing by ExercisesController#show as HTML
  Parameters: {"id"=>"1"}
  [1m[36mExercise Load (0.2ms)[0m  [1m[34mSELECT "exercises".* FROM "exercises" WHERE "exercises"."id" = ? LIMIT ?[0m  [["id", 1], ["LIMIT", 1]]
  ↳ app/controllers/exercises_controller.rb:8:in `show'
Completed 404 Not Found in 3ms (ActiveRecord: 0.2ms | Allocations: 492)


  
ActiveRecord::RecordNotFound (Couldn't find Exercise with 'id'=1):
  
app/controllers/exercises_controller.rb:8:in `show'
Started GET "/exercises/1" for 127.0.0.1 at 2023-07-06 11:02:01 +0300
Processing by ExercisesController#show as HTML
  Parameters: {"id"=>"1"}
  [1m[36mExercise Load (0.2ms)[0m  [1m[34mSELECT "exercises".* FROM "exercises" WHERE "exercises"."id" = ? LIMIT ?[0m  [["id", 1], ["LIMIT", 1]]
  ↳ app/controllers/exercises_controller.rb:8:in `show'
Completed 404 Not Found in 11ms (Views: 0.8ms | ActiveRecord: 1.1ms | Allocations: 3598)


Started GET "/exercises/2" for 127.0.0.1 at 2023-07-06 11:03:51 +0300
Processing by ExercisesController#show as HTML
  Parameters: {"id"=>"2"}
  [1m[36mExercise Load (0.3ms)[0m  [1m[34mSELECT "exercises".* FROM "exercises" WHERE "exercises"."id" = ? LIMIT ?[0m  [["id", 2], ["LIMIT", 1]]
  ↳ app/controllers/exercises_controller.rb:8:in `show'
Completed 404 Not Found in 9ms (Views: 0.4ms | ActiveRecord: 0.8ms | Allocations: 3576)


Started GET "/exercises" for 127.0.0.1 at 2023-07-06 15:01:32 +0300
  [1m[36mActiveRecord::SchemaMigration Pluck (0.2ms)[0m  [1m[34mSELECT "schema_migrations"."version" FROM "schema_migrations" ORDER BY "schema_migrations"."version" ASC[0m
Processing by ExercisesController#index as */*
  [1m[36mExercise Load (0.3ms)[0m  [1m[34mSELECT "exercises".* FROM "exercises"[0m
  ↳ app/controllers/exercises_controller.rb:4:in `index'
Completed 200 OK in 34ms (Views: 1.9ms | ActiveRecord: 0.3ms | Allocations: 22741)


  [1m[36mActiveRecord::SchemaMigration Pluck (0.1ms)[0m  [1m[34mSELECT "schema_migrations"."version" FROM "schema_migrations" ORDER BY "schema_migrations"."version" ASC[0m
  [1m[36mTRANSACTION (0.1ms)[0m  [1m[36mbegin transaction[0m
  [1m[36mExercise Create (0.7ms)[0m  [1m[32mINSERT INTO "exercises" ("exercise_name", "description", "muscle_group", "image", "created_at", "updated_at") VALUES (?, ?, ?, ?, ?, ?)[0m  [["exercise_name", "Push-ups"], ["description", "Classic upper body exercise"], ["muscle_group", "Chest"], ["image", "https://images.pexels.com/photos/4753990/pexels-photo-4753990.jpeg?auto=compress&cs=tinysrgb&w=1260&h=750&dpr=1"], ["created_at", "2023-07-06 12:03:30.901838"], ["updated_at", "2023-07-06 12:03:30.901838"]]
  [1m[36mTRANSACTION (8.3ms)[0m  [1m[36mcommit transaction[0m
  [1m[36mTRANSACTION (0.0ms)[0m  [1m[36mbegin transaction[0m
  [1m[36mExercise Create (0.2ms)[0m  [1m[32mINSERT INTO "exercises" ("exercise_name", "description", "muscle_group", "image", "created_at", "updated_at") VALUES (?, ?, ?, ?, ?, ?)[0m  [["exercise_name", "Squats"], ["description", "Lower body compound exercise"], ["muscle_group", "Legs"], ["image", "https://images.pexels.com/photos/4761339/pexels-photo-4761339.jpeg?auto=compress&cs=tinysrgb&w=1260&h=750&dpr=1"], ["created_at", "2023-07-06 12:03:30.914783"], ["updated_at", "2023-07-06 12:03:30.914783"]]
  [1m[36mTRANSACTION (6.8ms)[0m  [1m[36mcommit transaction[0m
  [1m[36mTRANSACTION (0.0ms)[0m  [1m[36mbegin transaction[0m
  [1m[36mExercise Create (0.2ms)[0m  [1m[32mINSERT INTO "exercises" ("exercise_name", "description", "muscle_group", "image", "created_at", "updated_at") VALUES (?, ?, ?, ?, ?, ?)[0m  [["exercise_name", "Sit-ups"], ["description", "Core exercise targeting abdominal muscles"], ["muscle_group", "Abs"], ["image", "https://images.pexels.com/photos/14228091/pexels-photo-14228091.jpeg?auto=compress&cs=tinysrgb&w=1260&h=750&dpr=1"], ["created_at", "2023-07-06 12:03:30.924293"], ["updated_at", "2023-07-06 12:03:30.924293"]]
  [1m[36mTRANSACTION (7.9ms)[0m  [1m[36mcommit transaction[0m
Started GET "/exercises" for 127.0.0.1 at 2023-07-06 15:03:44 +0300
Processing by ExercisesController#index as */*
  [1m[36mExercise Load (8.5ms)[0m  [1m[34mSELECT "exercises".* FROM "exercises"[0m
  ↳ app/controllers/exercises_controller.rb:4:in `index'
Completed 200 OK in 86ms (Views: 72.2ms | ActiveRecord: 12.7ms | Allocations: 17850)


Started DELETE "/exercises/3" for 127.0.0.1 at 2023-07-06 15:04:16 +0300
Processing by ExercisesController#destroy as */*
  Parameters: {"id"=>"3"}
  [1m[36mExercise Load (20.2ms)[0m  [1m[34mSELECT "exercises".* FROM "exercises" WHERE "exercises"."id" = ? LIMIT ?[0m  [["id", 3], ["LIMIT", 1]]
  ↳ app/controllers/exercises_controller.rb:28:in `destroy'
Completed 500 Internal Server Error in 81ms (ActiveRecord: 20.2ms | Allocations: 3951)


  
NameError (undefined local variable or method `exercise' for #<ExercisesController:0x00000000008ea8>
Did you mean?  exercises):
  
app/controllers/exercises_controller.rb:30:in `destroy'
Started DELETE "/exercises/3" for 127.0.0.1 at 2023-07-06 15:05:13 +0300
Processing by ExercisesController#destroy as */*
  Parameters: {"id"=>"3"}
  [1m[36mExercise Load (0.3ms)[0m  [1m[34mSELECT "exercises".* FROM "exercises" WHERE "exercises"."id" = ? LIMIT ?[0m  [["id", 3], ["LIMIT", 1]]
  ↳ app/controllers/exercises_controller.rb:28:in `destroy'
  [1m[36mTRANSACTION (0.1ms)[0m  [1m[36mbegin transaction[0m
  ↳ app/controllers/exercises_controller.rb:30:in `destroy'
  [1m[36mExercise Destroy (2.8ms)[0m  [1m[31mDELETE FROM "exercises" WHERE "exercises"."id" = ?[0m  [["id", 3]]
  ↳ app/controllers/exercises_controller.rb:30:in `destroy'
  [1m[36mTRANSACTION (11.0ms)[0m  [1m[36mcommit transaction[0m
  ↳ app/controllers/exercises_controller.rb:30:in `destroy'
Completed 204 No Content in 67ms (ActiveRecord: 16.9ms | Allocations: 6441)


Started GET "/exercises/3" for 127.0.0.1 at 2023-07-06 15:05:22 +0300
Processing by ExercisesController#show as */*
  Parameters: {"id"=>"3"}
  [1m[36mExercise Load (3.9ms)[0m  [1m[34mSELECT "exercises".* FROM "exercises" WHERE "exercises"."id" = ? LIMIT ?[0m  [["id", 3], ["LIMIT", 1]]
  ↳ app/controllers/exercises_controller.rb:8:in `show'
Completed 404 Not Found in 9ms (Views: 2.7ms | ActiveRecord: 3.9ms | Allocations: 524)


Started GET "/exercises" for 127.0.0.1 at 2023-07-06 15:49:00 +0300
  [1m[36mActiveRecord::SchemaMigration Pluck (0.3ms)[0m  [1m[34mSELECT "schema_migrations"."version" FROM "schema_migrations" ORDER BY "schema_migrations"."version" ASC[0m
Processing by ExercisesController#index as */*
  [1m[36mExercise Load (0.2ms)[0m  [1m[34mSELECT "exercises".* FROM "exercises"[0m
  ↳ app/controllers/exercises_controller.rb:4:in `index'
Completed 200 OK in 84ms (Views: 24.8ms | ActiveRecord: 0.9ms | Allocations: 41161)


Started POST "/exercises" for 127.0.0.1 at 2023-07-06 15:50:13 +0300
Processing by ExercisesController#create as */*
  Parameters: {"exercise"=>{}}
  [1m[36mExercise Load (0.2ms)[0m  [1m[34mSELECT "exercises".* FROM "exercises" WHERE "exercises"."id" IS NULL LIMIT ?[0m  [["LIMIT", 1]]
  ↳ app/controllers/exercises_controller.rb:38:in `create'
Completed 422 Unprocessable Entity in 13ms (Views: 0.3ms | ActiveRecord: 0.2ms | Allocations: 2480)


Started POST "/exercises" for 127.0.0.1 at 2023-07-06 15:51:23 +0300
Processing by ExercisesController#create as */*
  Parameters: {"sets"=>1, "reps"=>56, "exercise"=>{}}
  [1m[36mExercise Load (0.2ms)[0m  [1m[34mSELECT "exercises".* FROM "exercises" WHERE "exercises"."id" IS NULL LIMIT ?[0m  [["LIMIT", 1]]
  ↳ app/controllers/exercises_controller.rb:38:in `create'
Completed 422 Unprocessable Entity in 5ms (Views: 0.3ms | ActiveRecord: 0.2ms | Allocations: 644)


Started POST "/exercises" for 127.0.0.1 at 2023-07-06 15:51:24 +0300
Processing by ExercisesController#create as */*
  Parameters: {"sets"=>1, "reps"=>56, "exercise"=>{}}
  [1m[36mExercise Load (0.3ms)[0m  [1m[34mSELECT "exercises".* FROM "exercises" WHERE "exercises"."id" IS NULL LIMIT ?[0m  [["LIMIT", 1]]
  ↳ app/controllers/exercises_controller.rb:38:in `create'
Completed 422 Unprocessable Entity in 5ms (Views: 0.3ms | ActiveRecord: 0.3ms | Allocations: 632)


Started POST "/exercises" for 127.0.0.1 at 2023-07-06 15:51:40 +0300
Processing by ExercisesController#create as */*
  Parameters: {"sets"=>1, "reps"=>56, "exercise"=>{}}
  [1m[36mExercise Load (0.1ms)[0m  [1m[34mSELECT "exercises".* FROM "exercises" WHERE "exercises"."id" IS NULL LIMIT ?[0m  [["LIMIT", 1]]
  ↳ app/controllers/exercises_controller.rb:38:in `create'
Completed 422 Unprocessable Entity in 2ms (Views: 0.2ms | ActiveRecord: 0.1ms | Allocations: 645)


Started POST "/exercises" for 127.0.0.1 at 2023-07-06 15:51:42 +0300
Processing by ExercisesController#create as */*
  Parameters: {"sets"=>1, "reps"=>56, "exercise"=>{}}
  [1m[36mExercise Load (0.3ms)[0m  [1m[34mSELECT "exercises".* FROM "exercises" WHERE "exercises"."id" IS NULL LIMIT ?[0m  [["LIMIT", 1]]
  ↳ app/controllers/exercises_controller.rb:38:in `create'
Completed 422 Unprocessable Entity in 3ms (Views: 0.2ms | ActiveRecord: 0.3ms | Allocations: 632)


Started POST "/exercises" for 127.0.0.1 at 2023-07-06 15:52:40 +0300
Processing by ExercisesController#create as */*
  Parameters: {"sets"=>1, "reps"=>56, "exercise"=>{}}
  [1m[36mExercise Load (0.2ms)[0m  [1m[34mSELECT "exercises".* FROM "exercises" WHERE "exercises"."id" IS NULL LIMIT ?[0m  [["LIMIT", 1]]
  ↳ app/controllers/exercises_controller.rb:38:in `create'
Completed 422 Unprocessable Entity in 3ms (Views: 0.3ms | ActiveRecord: 1.0ms | Allocations: 861)


Started POST "/exercises" for 127.0.0.1 at 2023-07-06 15:52:41 +0300
Processing by ExercisesController#create as */*
  Parameters: {"sets"=>1, "reps"=>56, "exercise"=>{}}
  [1m[36mExercise Load (0.1ms)[0m  [1m[34mSELECT "exercises".* FROM "exercises" WHERE "exercises"."id" IS NULL LIMIT ?[0m  [["LIMIT", 1]]
  ↳ app/controllers/exercises_controller.rb:38:in `create'
Completed 422 Unprocessable Entity in 2ms (Views: 0.2ms | ActiveRecord: 0.1ms | Allocations: 632)


Started POST "/exercises" for 127.0.0.1 at 2023-07-06 15:52:43 +0300
Processing by ExercisesController#create as */*
  Parameters: {"sets"=>1, "reps"=>56, "exercise"=>{}}
  [1m[36mExercise Load (0.1ms)[0m  [1m[34mSELECT "exercises".* FROM "exercises" WHERE "exercises"."id" IS NULL LIMIT ?[0m  [["LIMIT", 1]]
  ↳ app/controllers/exercises_controller.rb:38:in `create'
Completed 422 Unprocessable Entity in 2ms (Views: 0.2ms | ActiveRecord: 0.1ms | Allocations: 632)


Started POST "/exercises" for 127.0.0.1 at 2023-07-06 15:52:43 +0300
Processing by ExercisesController#create as */*
  Parameters: {"sets"=>1, "reps"=>56, "exercise"=>{}}
  [1m[36mExercise Load (0.4ms)[0m  [1m[34mSELECT "exercises".* FROM "exercises" WHERE "exercises"."id" IS NULL LIMIT ?[0m  [["LIMIT", 1]]
  ↳ app/controllers/exercises_controller.rb:38:in `create'
Completed 422 Unprocessable Entity in 4ms (Views: 0.7ms | ActiveRecord: 0.4ms | Allocations: 632)


Started POST "/exercises" for 127.0.0.1 at 2023-07-06 15:52:44 +0300
Processing by ExercisesController#create as */*
  Parameters: {"sets"=>1, "reps"=>56, "exercise"=>{}}
  [1m[36mExercise Load (0.1ms)[0m  [1m[34mSELECT "exercises".* FROM "exercises" WHERE "exercises"."id" IS NULL LIMIT ?[0m  [["LIMIT", 1]]
  ↳ app/controllers/exercises_controller.rb:38:in `create'
Completed 422 Unprocessable Entity in 2ms (Views: 0.1ms | ActiveRecord: 0.1ms | Allocations: 644)


Started POST "/exercises" for 127.0.0.1 at 2023-07-06 15:53:04 +0300
Processing by ExercisesController#create as */*
  Parameters: {"sets"=>1, "reps"=>56, "exercise"=>{}}
  [1m[36mExercise Load (0.2ms)[0m  [1m[34mSELECT "exercises".* FROM "exercises" WHERE "exercises"."id" IS NULL LIMIT ?[0m  [["LIMIT", 1]]
  ↳ app/controllers/exercises_controller.rb:38:in `create'
Completed 422 Unprocessable Entity in 5ms (Views: 0.4ms | ActiveRecord: 1.0ms | Allocations: 861)


Started POST "/exercises" for 127.0.0.1 at 2023-07-06 15:53:06 +0300
Processing by ExercisesController#create as */*
  Parameters: {"sets"=>1, "reps"=>56, "exercise"=>{}}
  [1m[36mExercise Load (0.1ms)[0m  [1m[34mSELECT "exercises".* FROM "exercises" WHERE "exercises"."id" IS NULL LIMIT ?[0m  [["LIMIT", 1]]
  ↳ app/controllers/exercises_controller.rb:38:in `create'
Completed 422 Unprocessable Entity in 3ms (Views: 0.4ms | ActiveRecord: 0.1ms | Allocations: 632)


Started POST "/exercises" for 127.0.0.1 at 2023-07-06 15:53:51 +0300
Processing by ExercisesController#create as */*
  Parameters: {"sets"=>1, "reps"=>56, "exercise"=>{}}
Completed 201 Created in 4ms (Views: 0.7ms | ActiveRecord: 0.9ms | Allocations: 1972)


Started POST "/exercises" for 127.0.0.1 at 2023-07-06 15:54:29 +0300
Processing by ExercisesController#create as */*
  Parameters: {"exercise_name"=>1, "description"=>56, "exercise"=>{"exercise_name"=>1, "description"=>56}}
Completed 201 Created in 1ms (Views: 0.3ms | ActiveRecord: 0.0ms | Allocations: 146)


Started POST "/exercises" for 127.0.0.1 at 2023-07-06 15:54:30 +0300
Processing by ExercisesController#create as */*
  Parameters: {"exercise_name"=>1, "description"=>56, "exercise"=>{"exercise_name"=>1, "description"=>56}}
Completed 201 Created in 1ms (Views: 0.4ms | ActiveRecord: 0.0ms | Allocations: 146)


Started POST "/exercises" for 127.0.0.1 at 2023-07-06 15:54:49 +0300
Processing by ExercisesController#create as */*
  Parameters: {"exercise_name"=>1, "description"=>56, "exercise"=>{"exercise_name"=>1, "description"=>56}}
Completed 201 Created in 1ms (Views: 0.4ms | ActiveRecord: 0.0ms | Allocations: 146)


Started POST "/exercises" for 127.0.0.1 at 2023-07-06 15:54:50 +0300
Processing by ExercisesController#create as */*
  Parameters: {"exercise_name"=>1, "description"=>56, "exercise"=>{"exercise_name"=>1, "description"=>56}}
Completed 201 Created in 2ms (Views: 0.9ms | ActiveRecord: 0.0ms | Allocations: 146)


Started POST "/exercises" for 127.0.0.1 at 2023-07-06 15:55:21 +0300
Processing by ExercisesController#create as */*
  Parameters: {"exercise_name"=>1, "description"=>56, "exercise"=>{"exercise_name"=>1, "description"=>56}}
Completed 201 Created in 1ms (Views: 0.5ms | ActiveRecord: 0.0ms | Allocations: 146)


Started POST "/exercises" for 127.0.0.1 at 2023-07-06 15:56:14 +0300
Processing by ExercisesController#create as */*
  Parameters: {"exercise_name"=>"Leg", "description"=>"squats", "exercise"=>{"exercise_name"=>"Leg", "description"=>"squats"}}
Completed 201 Created in 1ms (Views: 0.8ms | ActiveRecord: 0.0ms | Allocations: 146)


Started POST "/exercises" for 127.0.0.1 at 2023-07-06 15:56:16 +0300
Processing by ExercisesController#create as */*
  Parameters: {"exercise_name"=>"Leg", "description"=>"squats", "exercise"=>{"exercise_name"=>"Leg", "description"=>"squats"}}
Completed 201 Created in 1ms (Views: 0.4ms | ActiveRecord: 0.0ms | Allocations: 146)


  [1m[36mActiveRecord::SchemaMigration Pluck (0.2ms)[0m  [1m[34mSELECT "schema_migrations"."version" FROM "schema_migrations" ORDER BY "schema_migrations"."version" ASC[0m
  [1m[36mTRANSACTION (0.1ms)[0m  [1m[36mbegin transaction[0m
  [1m[36mExercise Create (0.9ms)[0m  [1m[32mINSERT INTO "exercises" ("exercise_name", "description", "muscle_group", "image", "created_at", "updated_at") VALUES (?, ?, ?, ?, ?, ?)[0m  [["exercise_name", "Push-ups"], ["description", "Classic upper body exercise"], ["muscle_group", "Chest"], ["image", "https://images.pexels.com/photos/4753990/pexels-photo-4753990.jpeg?auto=compress&cs=tinysrgb&w=1260&h=750&dpr=1"], ["created_at", "2023-07-07 08:44:03.056824"], ["updated_at", "2023-07-07 08:44:03.056824"]]
  [1m[36mTRANSACTION (13.6ms)[0m  [1m[36mcommit transaction[0m
  [1m[36mTRANSACTION (0.1ms)[0m  [1m[36mbegin transaction[0m
  [1m[36mExercise Create (0.4ms)[0m  [1m[32mINSERT INTO "exercises" ("exercise_name", "description", "muscle_group", "image", "created_at", "updated_at") VALUES (?, ?, ?, ?, ?, ?)[0m  [["exercise_name", "Squats"], ["description", "Lower body compound exercise"], ["muscle_group", "Legs"], ["image", "https://images.pexels.com/photos/4761339/pexels-photo-4761339.jpeg?auto=compress&cs=tinysrgb&w=1260&h=750&dpr=1"], ["created_at", "2023-07-07 08:44:03.085000"], ["updated_at", "2023-07-07 08:44:03.085000"]]
  [1m[36mTRANSACTION (16.7ms)[0m  [1m[36mcommit transaction[0m
  [1m[36mTRANSACTION (0.1ms)[0m  [1m[36mbegin transaction[0m
  [1m[36mExercise Create (0.4ms)[0m  [1m[32mINSERT INTO "exercises" ("exercise_name", "description", "muscle_group", "image", "created_at", "updated_at") VALUES (?, ?, ?, ?, ?, ?)[0m  [["exercise_name", "Sit-ups"], ["description", "Core exercise targeting abdominal muscles"], ["muscle_group", "Abs"], ["image", "https://images.pexels.com/photos/14228091/pexels-photo-14228091.jpeg?auto=compress&cs=tinysrgb&w=1260&h=750&dpr=1"], ["created_at", "2023-07-07 08:44:03.133300"], ["updated_at", "2023-07-07 08:44:03.133300"]]
  [1m[36mTRANSACTION (5.0ms)[0m  [1m[36mcommit transaction[0m
  [1m[36mActiveRecord::SchemaMigration Pluck (0.3ms)[0m  [1m[34mSELECT "schema_migrations"."version" FROM "schema_migrations" ORDER BY "schema_migrations"."version" ASC[0m
  [1m[36mTRANSACTION (0.1ms)[0m  [1m[36mbegin transaction[0m
  [1m[36mExercise Create (0.5ms)[0m  [1m[32mINSERT INTO "exercises" ("exercise_name", "description", "muscle_group", "image", "created_at", "updated_at") VALUES (?, ?, ?, ?, ?, ?)[0m  [["exercise_name", "Push-ups"], ["description", "Classic upper body exercise"], ["muscle_group", "Chest"], ["image", "https://images.pexels.com/photos/4753990/pexels-photo-4753990.jpeg?auto=compress&cs=tinysrgb&w=1260&h=750&dpr=1"], ["created_at", "2023-07-07 08:48:42.770394"], ["updated_at", "2023-07-07 08:48:42.770394"]]
  [1m[36mTRANSACTION (14.6ms)[0m  [1m[36mcommit transaction[0m
  [1m[36mTRANSACTION (0.1ms)[0m  [1m[36mbegin transaction[0m
  [1m[36mExercise Create (0.4ms)[0m  [1m[32mINSERT INTO "exercises" ("exercise_name", "description", "muscle_group", "image", "created_at", "updated_at") VALUES (?, ?, ?, ?, ?, ?)[0m  [["exercise_name", "Squats"], ["description", "Lower body compound exercise"], ["muscle_group", "Legs"], ["image", "https://images.pexels.com/photos/4761339/pexels-photo-4761339.jpeg?auto=compress&cs=tinysrgb&w=1260&h=750&dpr=1"], ["created_at", "2023-07-07 08:48:42.796915"], ["updated_at", "2023-07-07 08:48:42.796915"]]
  [1m[36mTRANSACTION (6.0ms)[0m  [1m[36mcommit transaction[0m
  [1m[36mTRANSACTION (0.1ms)[0m  [1m[36mbegin transaction[0m
  [1m[36mExercise Create (0.4ms)[0m  [1m[32mINSERT INTO "exercises" ("exercise_name", "description", "muscle_group", "image", "created_at", "updated_at") VALUES (?, ?, ?, ?, ?, ?)[0m  [["exercise_name", "Sit-ups"], ["description", "Core exercise targeting abdominal muscles"], ["muscle_group", "Abs"], ["image", "https://images.pexels.com/photos/14228091/pexels-photo-14228091.jpeg?auto=compress&cs=tinysrgb&w=1260&h=750&dpr=1"], ["created_at", "2023-07-07 08:48:42.808555"], ["updated_at", "2023-07-07 08:48:42.808555"]]
  [1m[36mTRANSACTION (5.6ms)[0m  [1m[36mcommit transaction[0m
  [1m[36mTRANSACTION (0.1ms)[0m  [1m[36mbegin transaction[0m
  [1m[36mUser Exists? (0.3ms)[0m  [1m[34mSELECT 1 AS one FROM "users" WHERE "users"."username" = ? LIMIT ?[0m  [["username", "Godwin"], ["LIMIT", 1]]
  [1m[36mUser Exists? (0.2ms)[0m  [1m[34mSELECT 1 AS one FROM "users" WHERE "users"."email" = ? LIMIT ?[0m  [["email", "godwin449@gmail.com"], ["LIMIT", 1]]
  [1m[36mUser Create (0.6ms)[0m  [1m[32mINSERT INTO "users" ("username", "created_at", "updated_at", "email", "password_digest") VALUES (?, ?, ?, ?, ?)[0m  [["username", "Godwin"], ["created_at", "2023-07-07 08:48:42.860811"], ["updated_at", "2023-07-07 08:48:42.860811"], ["email", "godwin449@gmail.com"], ["password_digest", "[FILTERED]"]]
  [1m[36mTRANSACTION (10.3ms)[0m  [1m[36mcommit transaction[0m
  [1m[36mTRANSACTION (0.1ms)[0m  [1m[36mbegin transaction[0m
  [1m[36mUser Exists? (0.2ms)[0m  [1m[34mSELECT 1 AS one FROM "users" WHERE "users"."username" = ? LIMIT ?[0m  [["username", "Glen"], ["LIMIT", 1]]
  [1m[36mUser Exists? (0.2ms)[0m  [1m[34mSELECT 1 AS one FROM "users" WHERE "users"."email" = ? LIMIT ?[0m  [["email", "glen449@gmail.com"], ["LIMIT", 1]]
  [1m[36mUser Create (0.4ms)[0m  [1m[32mINSERT INTO "users" ("username", "created_at", "updated_at", "email", "password_digest") VALUES (?, ?, ?, ?, ?)[0m  [["username", "Glen"], ["created_at", "2023-07-07 08:48:42.881848"], ["updated_at", "2023-07-07 08:48:42.881848"], ["email", "glen449@gmail.com"], ["password_digest", "[FILTERED]"]]
  [1m[36mTRANSACTION (7.7ms)[0m  [1m[36mcommit transaction[0m
  [1m[36mTRANSACTION (0.1ms)[0m  [1m[36mbegin transaction[0m
  [1m[36mUser Exists? (0.2ms)[0m  [1m[34mSELECT 1 AS one FROM "users" WHERE "users"."username" = ? LIMIT ?[0m  [["username", "Hellen"], ["LIMIT", 1]]
  [1m[36mUser Exists? (0.2ms)[0m  [1m[34mSELECT 1 AS one FROM "users" WHERE "users"."email" = ? LIMIT ?[0m  [["email", "hellen449@gmail.com"], ["LIMIT", 1]]
  [1m[36mUser Create (0.4ms)[0m  [1m[32mINSERT INTO "users" ("username", "created_at", "updated_at", "email", "password_digest") VALUES (?, ?, ?, ?, ?)[0m  [["username", "Hellen"], ["created_at", "2023-07-07 08:48:42.899461"], ["updated_at", "2023-07-07 08:48:42.899461"], ["email", "hellen449@gmail.com"], ["password_digest", "[FILTERED]"]]
  [1m[36mTRANSACTION (5.6ms)[0m  [1m[36mcommit transaction[0m
Started GET "/" for 127.0.0.1 at 2023-07-07 11:56:39 +0300
  [1m[36mActiveRecord::SchemaMigration Pluck (0.3ms)[0m  [1m[34mSELECT "schema_migrations"."version" FROM "schema_migrations" ORDER BY "schema_migrations"."version" ASC[0m
Processing by Rails::WelcomeController#index as HTML
  Rendering /home/godwingodwi/.rbenv/versions/2.7.4/lib/ruby/gems/2.7.0/gems/railties-7.0.6/lib/rails/templates/rails/welcome/index.html.erb
  Rendered /home/godwingodwi/.rbenv/versions/2.7.4/lib/ruby/gems/2.7.0/gems/railties-7.0.6/lib/rails/templates/rails/welcome/index.html.erb (Duration: 4.9ms | Allocations: 766)
Completed 200 OK in 76ms (Views: 39.7ms | ActiveRecord: 0.0ms | Allocations: 8907)


Started GET "/favicon.ico" for 127.0.0.1 at 2023-07-07 11:56:40 +0300
  
ActionController::RoutingError (No route matches [GET] "/favicon.ico"):
  
Started GET "/workouts" for 127.0.0.1 at 2023-07-07 11:56:46 +0300
Processing by WorkoutsController#index as HTML
  [1m[36mWorkout Load (0.3ms)[0m  [1m[34mSELECT "workouts".* FROM "workouts"[0m
  ↳ app/controllers/workouts_controller.rb:4:in `index'
Completed 200 OK in 19ms (Views: 2.8ms | ActiveRecord: 0.3ms | Allocations: 5798)


Started GET "/favicon.ico" for 127.0.0.1 at 2023-07-07 11:56:47 +0300
  
ActionController::RoutingError (No route matches [GET] "/favicon.ico"):
  
Started GET "/users" for 127.0.0.1 at 2023-07-07 11:56:52 +0300
Processing by UsersController#index as HTML
  [1m[36mUser Load (0.3ms)[0m  [1m[34mSELECT "users".* FROM "users"[0m
  ↳ app/controllers/users_controller.rb:4:in `index'
Completed 200 OK in 34ms (Views: 24.6ms | ActiveRecord: 1.1ms | Allocations: 19172)


  [1m[36mActiveRecord::SchemaMigration Pluck (0.1ms)[0m  [1m[34mSELECT "schema_migrations"."version" FROM "schema_migrations" ORDER BY "schema_migrations"."version" ASC[0m
Migrating to CreateWorkoutExercises (20230708073009)
  [1m[36mTRANSACTION (0.1ms)[0m  [1m[36mbegin transaction[0m
  [1m[35m (0.3ms)[0m  [1m[35mCREATE TABLE "workout_exercises" ("id" integer PRIMARY KEY AUTOINCREMENT NOT NULL, "workout_id" integer NOT NULL, "exercise_id" integer NOT NULL, "created_at" datetime(6) NOT NULL, "updated_at" datetime(6) NOT NULL, CONSTRAINT "fk_rails_acb3987b72"
FOREIGN KEY ("workout_id")
  REFERENCES "workouts" ("id")
, CONSTRAINT "fk_rails_70ff0e3e09"
FOREIGN KEY ("exercise_id")
  REFERENCES "exercises" ("id")
)[0m
  [1m[35m (0.1ms)[0m  [1m[35mCREATE INDEX "index_workout_exercises_on_workout_id" ON "workout_exercises" ("workout_id")[0m
  [1m[35m (0.1ms)[0m  [1m[35mCREATE INDEX "index_workout_exercises_on_exercise_id" ON "workout_exercises" ("exercise_id")[0m
  [1m[36mActiveRecord::SchemaMigration Create (0.2ms)[0m  [1m[32mINSERT INTO "schema_migrations" ("version") VALUES (?)[0m  [["version", "20230708073009"]]
  [1m[36mTRANSACTION (13.0ms)[0m  [1m[36mcommit transaction[0m
Migrating to RemoveTableName (20230708073056)
  [1m[36mTRANSACTION (0.1ms)[0m  [1m[36mbegin transaction[0m
  [1m[35m (0.6ms)[0m  [1m[35mDROP TABLE "user_exercises"[0m
  [1m[36mActiveRecord::SchemaMigration Create (0.2ms)[0m  [1m[32mINSERT INTO "schema_migrations" ("version") VALUES (?)[0m  [["version", "20230708073056"]]
  [1m[36mTRANSACTION (10.2ms)[0m  [1m[36mcommit transaction[0m
  [1m[36mActiveRecord::InternalMetadata Load (0.1ms)[0m  [1m[34mSELECT "ar_internal_metadata".* FROM "ar_internal_metadata" WHERE "ar_internal_metadata"."key" = ? LIMIT ?[0m  [["key", "environment"], ["LIMIT", 1]]
  [1m[36mActiveRecord::SchemaMigration Pluck (0.1ms)[0m  [1m[34mSELECT "schema_migrations"."version" FROM "schema_migrations" ORDER BY "schema_migrations"."version" ASC[0m
  [1m[36mActiveRecord::SchemaMigration Pluck (0.1ms)[0m  [1m[34mSELECT "schema_migrations"."version" FROM "schema_migrations" ORDER BY "schema_migrations"."version" ASC[0m
Migrating to AddSetsRepsDurationToWorkouts (20230708073508)
  [1m[36mTRANSACTION (0.0ms)[0m  [1m[36mbegin transaction[0m
  [1m[35m (0.4ms)[0m  [1m[35mALTER TABLE "workouts" ADD "sets" integer[0m
  [1m[35m (0.2ms)[0m  [1m[35mALTER TABLE "workouts" ADD "reps" integer[0m
  [1m[35m (0.2ms)[0m  [1m[35mALTER TABLE "workouts" ADD "duration" integer[0m
  [1m[36mActiveRecord::SchemaMigration Create (0.2ms)[0m  [1m[32mINSERT INTO "schema_migrations" ("version") VALUES (?)[0m  [["version", "20230708073508"]]
  [1m[36mTRANSACTION (40.6ms)[0m  [1m[36mcommit transaction[0m
  [1m[36mActiveRecord::InternalMetadata Load (0.3ms)[0m  [1m[34mSELECT "ar_internal_metadata".* FROM "ar_internal_metadata" WHERE "ar_internal_metadata"."key" = ? LIMIT ?[0m  [["key", "environment"], ["LIMIT", 1]]
  [1m[36mActiveRecord::SchemaMigration Pluck (0.1ms)[0m  [1m[34mSELECT "schema_migrations"."version" FROM "schema_migrations" ORDER BY "schema_migrations"."version" ASC[0m
  [1m[36mActiveRecord::SchemaMigration Pluck (0.1ms)[0m  [1m[34mSELECT "schema_migrations"."version" FROM "schema_migrations" ORDER BY "schema_migrations"."version" ASC[0m
  [1m[36mTRANSACTION (0.1ms)[0m  [1m[36mbegin transaction[0m
  [1m[36mExercise Create (0.2ms)[0m  [1m[32mINSERT INTO "exercises" ("exercise_name", "description", "muscle_group", "image", "created_at", "updated_at") VALUES (?, ?, ?, ?, ?, ?)[0m  [["exercise_name", "Push-ups"], ["description", "Classic upper body exercise"], ["muscle_group", "Chest"], ["image", "https://images.pexels.com/photos/4753990/pexels-photo-4753990.jpeg?auto=compress&cs=tinysrgb&w=1260&h=750&dpr=1"], ["created_at", "2023-07-08 07:37:27.382798"], ["updated_at", "2023-07-08 07:37:27.382798"]]
  [1m[36mTRANSACTION (9.6ms)[0m  [1m[36mcommit transaction[0m
  [1m[36mTRANSACTION (0.0ms)[0m  [1m[36mbegin transaction[0m
  [1m[36mExercise Create (0.2ms)[0m  [1m[32mINSERT INTO "exercises" ("exercise_name", "description", "muscle_group", "image", "created_at", "updated_at") VALUES (?, ?, ?, ?, ?, ?)[0m  [["exercise_name", "Squats"], ["description", "Lower body compound exercise"], ["muscle_group", "Legs"], ["image", "https://images.pexels.com/photos/4761339/pexels-photo-4761339.jpeg?auto=compress&cs=tinysrgb&w=1260&h=750&dpr=1"], ["created_at", "2023-07-08 07:37:27.395521"], ["updated_at", "2023-07-08 07:37:27.395521"]]
  [1m[36mTRANSACTION (9.3ms)[0m  [1m[36mcommit transaction[0m
  [1m[36mTRANSACTION (0.0ms)[0m  [1m[36mbegin transaction[0m
  [1m[36mExercise Create (0.2ms)[0m  [1m[32mINSERT INTO "exercises" ("exercise_name", "description", "muscle_group", "image", "created_at", "updated_at") VALUES (?, ?, ?, ?, ?, ?)[0m  [["exercise_name", "Sit-ups"], ["description", "Core exercise targeting abdominal muscles"], ["muscle_group", "Abs"], ["image", "https://images.pexels.com/photos/14228091/pexels-photo-14228091.jpeg?auto=compress&cs=tinysrgb&w=1260&h=750&dpr=1"], ["created_at", "2023-07-08 07:37:27.407259"], ["updated_at", "2023-07-08 07:37:27.407259"]]
  [1m[36mTRANSACTION (9.5ms)[0m  [1m[36mcommit transaction[0m
  [1m[36mTRANSACTION (0.0ms)[0m  [1m[36mbegin transaction[0m
  [1m[36mUser Exists? (0.1ms)[0m  [1m[34mSELECT 1 AS one FROM "users" WHERE "users"."username" = ? LIMIT ?[0m  [["username", "Godwin"], ["LIMIT", 1]]
  [1m[36mUser Exists? (0.1ms)[0m  [1m[34mSELECT 1 AS one FROM "users" WHERE "users"."email" = ? LIMIT ?[0m  [["email", "godwin449@gmail.com"], ["LIMIT", 1]]
  [1m[36mTRANSACTION (0.0ms)[0m  [1m[31mrollback transaction[0m
  [1m[36mTRANSACTION (0.0ms)[0m  [1m[36mbegin transaction[0m
  [1m[36mUser Exists? (0.1ms)[0m  [1m[34mSELECT 1 AS one FROM "users" WHERE "users"."username" = ? LIMIT ?[0m  [["username", "Glen"], ["LIMIT", 1]]
  [1m[36mUser Exists? (0.0ms)[0m  [1m[34mSELECT 1 AS one FROM "users" WHERE "users"."email" = ? LIMIT ?[0m  [["email", "glen449@gmail.com"], ["LIMIT", 1]]
  [1m[36mTRANSACTION (0.0ms)[0m  [1m[31mrollback transaction[0m
  [1m[36mTRANSACTION (0.0ms)[0m  [1m[36mbegin transaction[0m
  [1m[36mUser Exists? (0.1ms)[0m  [1m[34mSELECT 1 AS one FROM "users" WHERE "users"."username" = ? LIMIT ?[0m  [["username", "Hellen"], ["LIMIT", 1]]
  [1m[36mUser Exists? (0.0ms)[0m  [1m[34mSELECT 1 AS one FROM "users" WHERE "users"."email" = ? LIMIT ?[0m  [["email", "hellen449@gmail.com"], ["LIMIT", 1]]
  [1m[36mTRANSACTION (0.0ms)[0m  [1m[31mrollback transaction[0m
  [1m[36mActiveRecord::SchemaMigration Pluck (0.1ms)[0m  [1m[34mSELECT "schema_migrations"."version" FROM "schema_migrations" ORDER BY "schema_migrations"."version" ASC[0m
  [1m[36mActiveRecord::InternalMetadata Load (0.1ms)[0m  [1m[34mSELECT "ar_internal_metadata".* FROM "ar_internal_metadata" WHERE "ar_internal_metadata"."key" = ? LIMIT ?[0m  [["key", "environment"], ["LIMIT", 1]]
  [1m[36mActiveRecord::SchemaMigration Pluck (0.1ms)[0m  [1m[34mSELECT "schema_migrations"."version" FROM "schema_migrations" ORDER BY "schema_migrations"."version" ASC[0m
  [1m[36mActiveRecord::SchemaMigration Pluck (0.1ms)[0m  [1m[34mSELECT "schema_migrations"."version" FROM "schema_migrations" ORDER BY "schema_migrations"."version" ASC[0m
  [1m[36mActiveRecord::InternalMetadata Load (0.1ms)[0m  [1m[34mSELECT "ar_internal_metadata".* FROM "ar_internal_metadata" WHERE "ar_internal_metadata"."key" = ? LIMIT ?[0m  [["key", "environment"], ["LIMIT", 1]]
  [1m[36mActiveRecord::SchemaMigration Pluck (0.1ms)[0m  [1m[34mSELECT "schema_migrations"."version" FROM "schema_migrations" ORDER BY "schema_migrations"."version" ASC[0m
Started GET "/" for 127.0.0.1 at 2023-07-08 10:39:08 +0300
  [1m[36mActiveRecord::SchemaMigration Pluck (0.1ms)[0m  [1m[34mSELECT "schema_migrations"."version" FROM "schema_migrations" ORDER BY "schema_migrations"."version" ASC[0m
Processing by Rails::WelcomeController#index as HTML
  Rendering /home/bsquiat/.rbenv/versions/2.7.4/lib/ruby/gems/2.7.0/gems/railties-7.0.6/lib/rails/templates/rails/welcome/index.html.erb
  Rendered /home/bsquiat/.rbenv/versions/2.7.4/lib/ruby/gems/2.7.0/gems/railties-7.0.6/lib/rails/templates/rails/welcome/index.html.erb (Duration: 2.6ms | Allocations: 766)
Completed 200 OK in 20ms (Views: 7.0ms | ActiveRecord: 0.0ms | Allocations: 8906)


Started GET "/workouts" for 127.0.0.1 at 2023-07-08 10:39:14 +0300
Processing by WorkoutsController#index as HTML
  [1m[36mWorkout Load (0.2ms)[0m  [1m[34mSELECT "workouts".* FROM "workouts"[0m
  ↳ app/controllers/workouts_controller.rb:4:in `index'
Completed 200 OK in 16ms (Views: 1.3ms | ActiveRecord: 0.2ms | Allocations: 6163)


